/*C5*/SET SCHEMA PUBLIC
DISCONNECT
/*C6*/SET SCHEMA PUBLIC
DISCONNECT
/*C7*/SET SCHEMA PUBLIC
DELETE FROM CACHE_PRODUCTS_IN_PROJECT WHERE ID=6 AND USER_ID=0 AND NAME='lemari' AND QTY=400
DELETE FROM CACHE_PRODUCTS_IN_PROJECT WHERE ID=5 AND USER_ID=0 AND NAME='kursi' AND QTY=600
DELETE FROM CACHE_PRODUCTS_IN_PROJECT WHERE ID=3 AND USER_ID=0 AND NAME='kipas' AND QTY=800
DELETE FROM CACHE_PRODUCTS_IN_PROJECT WHERE ID=0 AND USER_ID=0 AND NAME='kertas' AND QTY=5600
COMMIT
DELETE FROM CACHE_PEOPLE_IN_PROJECT WHERE ID_PEOPLE=1 AND ID_USER=0 AND PEOPLE_NAME='lisalisa mane'
DELETE FROM CACHE_PEOPLE_IN_PROJECT WHERE ID_PEOPLE=2 AND ID_USER=0 AND PEOPLE_NAME='meradan mildan'
COMMIT
DISCONNECT
/*C8*/SET SCHEMA PUBLIC
INSERT INTO CACHE_PRODUCTS_IN_PROJECT VALUES(6,0,'lemari',400)
COMMIT
INSERT INTO CACHE_PRODUCTS_IN_PROJECT VALUES(5,0,'kursi',600)
COMMIT
INSERT INTO CACHE_PRODUCTS_IN_PROJECT VALUES(3,0,'kipas',800)
COMMIT
INSERT INTO CACHE_PRODUCTS_IN_PROJECT VALUES(0,0,'kertas',5600)
COMMIT
INSERT INTO CACHE_PEOPLE_IN_PROJECT VALUES(1,0,'lisalisa mane')
COMMIT
INSERT INTO CACHE_PEOPLE_IN_PROJECT VALUES(2,0,'meradan mildan')
COMMIT
/*C9*/SET SCHEMA PUBLIC
DISCONNECT
/*C10*/SET SCHEMA PUBLIC
DISCONNECT
/*C11*/SET SCHEMA PUBLIC
DISCONNECT
/*C12*/SET SCHEMA PUBLIC
DISCONNECT
/*C13*/SET SCHEMA PUBLIC
INSERT INTO CACHE_PRODUCTS_IN_PROJECT VALUES(2,0,'besi',6)
COMMIT
DISCONNECT
/*C14*/SET SCHEMA PUBLIC
DISCONNECT
/*C15*/SET SCHEMA PUBLIC
DISCONNECT
/*C16*/SET SCHEMA PUBLIC
INSERT INTO CACHE_PRODUCTS_IN_PROJECT VALUES(1,0,'kayu',5)
COMMIT
DISCONNECT
/*C17*/SET SCHEMA PUBLIC
DISCONNECT
/*C18*/SET SCHEMA PUBLIC
DISCONNECT
/*C19*/SET SCHEMA PUBLIC
DELETE FROM PROJECTS WHERE ID=3
INSERT INTO PROJECTS VALUES(3,1,'lema lasa','dddere be','f sfsf sf',1,2,'2013-03-19 00:00:00.000000','2013-03-16 10:24:38.117000','2013-03-27 00:00:00.000000','2013-03-16 10:24:11.744000','2013-03-16 10:51:50.328000',0)
COMMIT
/*C20*/SET SCHEMA PUBLIC
DISCONNECT
/*C19*/DELETE FROM ITEM_PROJECT WHERE ID=3
INSERT INTO ITEM_PROJECT VALUES(3,3,'a',6,400,'2013-03-16 10:24:11.747000','2013-03-16 10:51:50.333000',0)
COMMIT
/*C21*/SET SCHEMA PUBLIC
DISCONNECT
/*C19*/DELETE FROM ITEM_PROJECT WHERE ID=4
INSERT INTO ITEM_PROJECT VALUES(4,3,'a',5,600,'2013-03-16 10:24:11.747000','2013-03-16 10:51:50.337000',0)
COMMIT
/*C22*/SET SCHEMA PUBLIC
DISCONNECT
/*C19*/DELETE FROM ITEM_PROJECT WHERE ID=5
INSERT INTO ITEM_PROJECT VALUES(5,3,'a',3,800,'2013-03-16 10:24:38.110000','2013-03-16 10:51:50.340000',0)
COMMIT
/*C23*/SET SCHEMA PUBLIC
DISCONNECT
/*C19*/DELETE FROM ITEM_PROJECT WHERE ID=6
INSERT INTO ITEM_PROJECT VALUES(6,3,'a',0,5600,'2013-03-16 10:24:38.111000','2013-03-16 10:51:50.344000',0)
COMMIT
/*C24*/SET SCHEMA PUBLIC
DISCONNECT
/*C19*/INSERT INTO ITEM_PROJECT VALUES(7,3,'a',2,6,'2013-03-16 10:51:50.345000','2013-03-16 10:51:50.345000',0)
COMMIT
/*C25*/SET SCHEMA PUBLIC
DISCONNECT
/*C19*/INSERT INTO ITEM_PROJECT VALUES(8,3,'a',1,5,'2013-03-16 10:51:50.346000','2013-03-16 10:51:50.346000',0)
COMMIT
/*C26*/SET SCHEMA PUBLIC
DISCONNECT
/*C27*/SET SCHEMA PUBLIC
DISCONNECT
/*C19*/DELETE FROM TRANSACTIONS WHERE ID=19
INSERT INTO TRANSACTIONS VALUES(19,'Material','Material project',434,'2013-03-16 10:24:11.750000','2013-03-16 10:51:50.349000',0,0,3)
COMMIT
DELETE FROM TRANSACTIONS WHERE ID=20
INSERT INTO TRANSACTIONS VALUES(20,'Peralatan','Peralatan project',3435,'2013-03-16 10:24:11.751000','2013-03-16 10:51:50.349000',0,1,3)
COMMIT
DELETE FROM TRANSACTIONS WHERE ID=21
INSERT INTO TRANSACTIONS VALUES(21,'Tenaga kerja','Tenaga kerja project',353,'2013-03-16 10:24:11.752000','2013-03-16 10:51:50.350000',0,2,3)
COMMIT
DELETE FROM TRANSACTIONS WHERE ID=22
INSERT INTO TRANSACTIONS VALUES(22,'Overheat Cost','Overheat Cost project',53,'2013-03-16 10:24:11.752000','2013-03-16 10:51:50.351000',0,3,3)
COMMIT
DELETE FROM TRANSACTIONS WHERE ID=23
INSERT INTO TRANSACTIONS VALUES(23,'Management Cost','Management Cost project',53,'2013-03-16 10:24:11.753000','2013-03-16 10:51:50.351000',0,4,3)
COMMIT
DELETE FROM TRANSACTIONS WHERE ID=24
INSERT INTO TRANSACTIONS VALUES(24,'PPN','PPN project',58,'2013-03-16 10:24:11.753000','2013-03-16 10:51:50.352000',0,5,3)
COMMIT
DELETE FROM PROJECTS WHERE ID=3
INSERT INTO PROJECTS VALUES(3,1,'lema lasa','dddere be','f sfsf sf',1,2,'2013-03-19 00:00:00.000000','2013-03-16 10:51:50.352000','2013-03-27 00:00:00.000000','2013-03-16 10:24:11.744000','2013-03-16 10:51:50.328000',0)
COMMIT
DISCONNECT
